2022-12-23 13:08:17,045 INFO [main] o.e.b.Block5LoggingApplication [StartupInfoLogger.java:51] Starting Block5LoggingApplication using Java 19.0.1 with PID 13860 (C:\Users\karim.gonzalez\Desktop\Ejercicios\spring\block5-logging\target\classes started by karim.gonzalez in C:\Users\karim.gonzalez\Desktop\Ejercicios\spring\block5-logging)
2022-12-23 13:08:17,053 INFO [main] o.e.b.Block5LoggingApplication [SpringApplication.java:630] No active profile set, falling back to 1 default profile: "default"
2022-12-23 13:08:18,234 INFO [main] o.s.b.w.e.t.TomcatWebServer [TomcatWebServer.java:108] Tomcat initialized with port(s): 8080 (http)
2022-12-23 13:08:18,248 INFO [main] o.a.c.h.Http11NioProtocol [DirectJDKLog.java:173] Initializing ProtocolHandler ["http-nio-8080"]
2022-12-23 13:08:18,249 INFO [main] o.a.c.c.StandardService [DirectJDKLog.java:173] Starting service [Tomcat]
2022-12-23 13:08:18,249 INFO [main] o.a.c.c.StandardEngine [DirectJDKLog.java:173] Starting Servlet engine: [Apache Tomcat/10.1.4]
2022-12-23 13:08:18,365 INFO [main] o.a.c.c.C.[.[.[/] [DirectJDKLog.java:173] Initializing Spring embedded WebApplicationContext
2022-12-23 13:08:18,367 INFO [main] o.s.b.w.s.c.ServletWebServerApplicationContext [ServletWebServerApplicationContext.java:291] Root WebApplicationContext: initialization completed in 1230 ms
2022-12-23 13:08:18,439 INFO [main] o.e.b.Controller [Controller.java:19] Mensaje a nivel de INFO
2022-12-23 13:08:18,440 WARN [main] o.e.b.Controller [Controller.java:20] Mensaje a nivel de WARNING
2022-12-23 13:08:18,441 ERROR [main] o.e.b.Controller [Controller.java:21] Mensaje a nivel de ERROR
2022-12-23 13:08:18,825 INFO [main] o.a.c.h.Http11NioProtocol [DirectJDKLog.java:173] Starting ProtocolHandler ["http-nio-8080"]
2022-12-23 13:08:18,846 INFO [main] o.s.b.w.e.t.TomcatWebServer [TomcatWebServer.java:220] Tomcat started on port(s): 8080 (http) with context path ''
2022-12-23 13:08:18,856 INFO [main] o.e.b.Block5LoggingApplication [StartupInfoLogger.java:57] Started Block5LoggingApplication in 2.309 seconds (process running for 3.035)
2022-12-28 13:15:13,381 INFO [main] o.e.b.Block5LoggingApplication [StartupInfoLogger.java:51] Starting Block5LoggingApplication using Java 19.0.1 with PID 12608 (C:\Users\karim.gonzalez\IdeaProjects\Karim-Gonzalez-Repo\block5-logging\target\classes started by karim.gonzalez in C:\Users\karim.gonzalez\IdeaProjects\Karim-Gonzalez-Repo\block5-logging)
2022-12-28 13:15:13,388 INFO [main] o.e.b.Block5LoggingApplication [SpringApplication.java:630] No active profile set, falling back to 1 default profile: "default"
2022-12-28 13:15:15,645 INFO [main] o.s.b.w.e.t.TomcatWebServer [TomcatWebServer.java:108] Tomcat initialized with port(s): 8080 (http)
2022-12-28 13:15:15,663 INFO [main] o.a.c.h.Http11NioProtocol [DirectJDKLog.java:173] Initializing ProtocolHandler ["http-nio-8080"]
2022-12-28 13:15:15,664 INFO [main] o.a.c.c.StandardService [DirectJDKLog.java:173] Starting service [Tomcat]
2022-12-28 13:15:15,665 INFO [main] o.a.c.c.StandardEngine [DirectJDKLog.java:173] Starting Servlet engine: [Apache Tomcat/10.1.4]
2022-12-28 13:15:15,816 INFO [main] o.a.c.c.C.[.[.[/] [DirectJDKLog.java:173] Initializing Spring embedded WebApplicationContext
2022-12-28 13:15:15,819 INFO [main] o.s.b.w.s.c.ServletWebServerApplicationContext [ServletWebServerApplicationContext.java:291] Root WebApplicationContext: initialization completed in 2335 ms
2022-12-28 13:15:15,910 INFO [main] o.e.b.Controller [Controller.java:19] Mensaje a nivel de INFO
2022-12-28 13:15:15,910 WARN [main] o.e.b.Controller [Controller.java:20] Mensaje a nivel de WARNING
2022-12-28 13:15:15,910 ERROR [main] o.e.b.Controller [Controller.java:21] Mensaje a nivel de ERROR
2022-12-28 13:15:16,430 INFO [main] o.a.c.h.Http11NioProtocol [DirectJDKLog.java:173] Starting ProtocolHandler ["http-nio-8080"]
2022-12-28 13:15:16,469 INFO [main] o.s.b.w.e.t.TomcatWebServer [TomcatWebServer.java:220] Tomcat started on port(s): 8080 (http) with context path ''
2022-12-28 13:15:16,484 INFO [main] o.e.b.Block5LoggingApplication [StartupInfoLogger.java:57] Started Block5LoggingApplication in 3.762 seconds (process running for 4.788)
2022-12-28 13:21:50,639 INFO [main] o.e.b.Block5LoggingApplication [StartupInfoLogger.java:51] Starting Block5LoggingApplication using Java 19.0.1 with PID 8896 (C:\Users\karim.gonzalez\IdeaProjects\Karim-Gonzalez-Repo\block5-logging\target\classes started by karim.gonzalez in C:\Users\karim.gonzalez\IdeaProjects\Karim-Gonzalez-Repo\block5-logging)
2022-12-28 13:21:50,652 INFO [main] o.e.b.Block5LoggingApplication [SpringApplication.java:630] No active profile set, falling back to 1 default profile: "default"
2022-12-28 13:21:52,174 INFO [main] o.s.b.w.e.t.TomcatWebServer [TomcatWebServer.java:108] Tomcat initialized with port(s): 8080 (http)
2022-12-28 13:21:52,187 INFO [main] o.a.c.h.Http11NioProtocol [DirectJDKLog.java:173] Initializing ProtocolHandler ["http-nio-8080"]
2022-12-28 13:21:52,189 INFO [main] o.a.c.c.StandardService [DirectJDKLog.java:173] Starting service [Tomcat]
2022-12-28 13:21:52,190 INFO [main] o.a.c.c.StandardEngine [DirectJDKLog.java:173] Starting Servlet engine: [Apache Tomcat/10.1.4]
2022-12-28 13:21:52,299 INFO [main] o.a.c.c.C.[.[.[/] [DirectJDKLog.java:173] Initializing Spring embedded WebApplicationContext
2022-12-28 13:21:52,301 INFO [main] o.s.b.w.s.c.ServletWebServerApplicationContext [ServletWebServerApplicationContext.java:291] Root WebApplicationContext: initialization completed in 1559 ms
2022-12-28 13:21:52,419 INFO [main] o.e.b.Controller [Controller.java:19] Mensaje a nivel de INFO
2022-12-28 13:21:52,420 WARN [main] o.e.b.Controller [Controller.java:20] Mensaje a nivel de WARNING
2022-12-28 13:21:52,421 ERROR [main] o.e.b.Controller [Controller.java:21] Mensaje a nivel de ERROR
2022-12-28 13:21:52,839 INFO [main] o.a.c.h.Http11NioProtocol [DirectJDKLog.java:173] Starting ProtocolHandler ["http-nio-8080"]
2022-12-28 13:21:52,867 INFO [main] o.s.b.w.e.t.TomcatWebServer [TomcatWebServer.java:220] Tomcat started on port(s): 8080 (http) with context path ''
2022-12-28 13:21:52,878 INFO [main] o.e.b.Block5LoggingApplication [StartupInfoLogger.java:57] Started Block5LoggingApplication in 2.774 seconds (process running for 3.577)
2022-12-28 13:23:40,656 INFO [main] o.e.b.Block5LoggingApplication [StartupInfoLogger.java:51] Starting Block5LoggingApplication using Java 19.0.1 with PID 14240 (C:\Users\karim.gonzalez\IdeaProjects\Karim-Gonzalez-Repo\block5-logging\target\classes started by karim.gonzalez in C:\Users\karim.gonzalez\IdeaProjects\Karim-Gonzalez-Repo\block5-logging)
2022-12-28 13:23:40,670 INFO [main] o.e.b.Block5LoggingApplication [SpringApplication.java:630] No active profile set, falling back to 1 default profile: "default"
2022-12-28 13:23:43,247 INFO [main] o.s.b.w.e.t.TomcatWebServer [TomcatWebServer.java:108] Tomcat initialized with port(s): 8080 (http)
2022-12-28 13:23:43,263 INFO [main] o.a.c.h.Http11NioProtocol [DirectJDKLog.java:173] Initializing ProtocolHandler ["http-nio-8080"]
2022-12-28 13:23:43,264 INFO [main] o.a.c.c.StandardService [DirectJDKLog.java:173] Starting service [Tomcat]
2022-12-28 13:23:43,264 INFO [main] o.a.c.c.StandardEngine [DirectJDKLog.java:173] Starting Servlet engine: [Apache Tomcat/10.1.4]
2022-12-28 13:23:43,432 INFO [main] o.a.c.c.C.[.[.[/] [DirectJDKLog.java:173] Initializing Spring embedded WebApplicationContext
2022-12-28 13:23:43,436 INFO [main] o.s.b.w.s.c.ServletWebServerApplicationContext [ServletWebServerApplicationContext.java:291] Root WebApplicationContext: initialization completed in 2583 ms
2022-12-28 13:23:43,571 INFO [main] o.e.b.Controller [Controller.java:19] Mensaje a nivel de INFO
2022-12-28 13:23:43,571 WARN [main] o.e.b.Controller [Controller.java:20] Mensaje a nivel de WARNING
2022-12-28 13:23:43,571 ERROR [main] o.e.b.Controller [Controller.java:21] Mensaje a nivel de ERROR
2022-12-28 13:23:44,028 INFO [main] o.a.c.h.Http11NioProtocol [DirectJDKLog.java:173] Starting ProtocolHandler ["http-nio-8080"]
2022-12-28 13:23:44,064 INFO [main] o.s.b.w.e.t.TomcatWebServer [TomcatWebServer.java:220] Tomcat started on port(s): 8080 (http) with context path ''
2022-12-28 13:23:44,082 INFO [main] o.e.b.Block5LoggingApplication [StartupInfoLogger.java:57] Started Block5LoggingApplication in 4.392 seconds (process running for 5.343)
2022-12-28 13:28:52,625 INFO [main] o.e.b.Block5LoggingApplication [StartupInfoLogger.java:51] Starting Block5LoggingApplication using Java 19.0.1 with PID 13760 (C:\Users\karim.gonzalez\IdeaProjects\Karim-Gonzalez-Repo\block5-logging\target\classes started by karim.gonzalez in C:\Users\karim.gonzalez\IdeaProjects\Karim-Gonzalez-Repo\block5-logging)
2022-12-28 13:28:52,637 INFO [main] o.e.b.Block5LoggingApplication [SpringApplication.java:630] No active profile set, falling back to 1 default profile: "default"
2022-12-28 13:28:54,662 INFO [main] o.s.b.w.e.t.TomcatWebServer [TomcatWebServer.java:108] Tomcat initialized with port(s): 8080 (http)
2022-12-28 13:28:54,695 INFO [main] o.a.c.h.Http11NioProtocol [DirectJDKLog.java:173] Initializing ProtocolHandler ["http-nio-8080"]
2022-12-28 13:28:54,698 INFO [main] o.a.c.c.StandardService [DirectJDKLog.java:173] Starting service [Tomcat]
2022-12-28 13:28:54,700 INFO [main] o.a.c.c.StandardEngine [DirectJDKLog.java:173] Starting Servlet engine: [Apache Tomcat/10.1.4]
2022-12-28 13:28:55,024 INFO [main] o.a.c.c.C.[.[.[/] [DirectJDKLog.java:173] Initializing Spring embedded WebApplicationContext
2022-12-28 13:28:55,027 INFO [main] o.s.b.w.s.c.ServletWebServerApplicationContext [ServletWebServerApplicationContext.java:291] Root WebApplicationContext: initialization completed in 2280 ms
2022-12-28 13:28:55,183 INFO [main] o.e.b.Controller [Controller.java:19] Mensaje a nivel de INFO
2022-12-28 13:28:55,184 WARN [main] o.e.b.Controller [Controller.java:20] Mensaje a nivel de WARNING
2022-12-28 13:28:55,185 ERROR [main] o.e.b.Controller [Controller.java:21] Mensaje a nivel de ERROR
2022-12-28 13:28:55,920 INFO [main] o.a.c.h.Http11NioProtocol [DirectJDKLog.java:173] Starting ProtocolHandler ["http-nio-8080"]
2022-12-28 13:28:55,949 INFO [main] o.s.b.w.e.t.TomcatWebServer [TomcatWebServer.java:220] Tomcat started on port(s): 8080 (http) with context path ''
2022-12-28 13:28:55,963 INFO [main] o.e.b.Block5LoggingApplication [StartupInfoLogger.java:57] Started Block5LoggingApplication in 3.991 seconds (process running for 5.016)
